<?xml version="1.0" encoding="UTF-8"?>
<testsuite xmlns:xsi="http://www.w3.org/2001/XMLSchema-instance" xsi:noNamespaceSchemaLocation="https://maven.apache.org/surefire/maven-surefire-plugin/xsd/surefire-test-report.xsd" name="hu.csaszi.gameengine.render.graphics.gui.GUIManagerTests" time="0.04" tests="7" errors="0" skipped="0" failures="0">
  <properties>
    <property name="gopherProxySet" value="false"/>
    <property name="awt.toolkit" value="sun.lwawt.macosx.LWCToolkit"/>
    <property name="java.specification.version" value="9"/>
    <property name="file.encoding.pkg" value="sun.io"/>
    <property name="sun.cpu.isalist" value=""/>
    <property name="sun.jnu.encoding" value="UTF-8"/>
    <property name="java.class.path" value="/Users/csaszizoltan/Development/FriYay/csaszi/GameEngineMVN/target/test-classes:/Users/csaszizoltan/Development/FriYay/csaszi/GameEngineMVN/target/classes:/Users/csaszizoltan/.m2/repository/junit/junit/4.12/junit-4.12.jar:/Users/csaszizoltan/.m2/repository/org/hamcrest/hamcrest-core/1.3/hamcrest-core-1.3.jar:/Users/csaszizoltan/.m2/repository/org/mockito/mockito-all/1.9.5/mockito-all-1.9.5.jar:/Users/csaszizoltan/.m2/repository/org/mockito/mockito-core/2.1.0/mockito-core-2.1.0.jar:/Users/csaszizoltan/.m2/repository/net/bytebuddy/byte-buddy/1.4.26/byte-buddy-1.4.26.jar:/Users/csaszizoltan/.m2/repository/net/bytebuddy/byte-buddy-agent/1.4.26/byte-buddy-agent-1.4.26.jar:/Users/csaszizoltan/.m2/repository/org/objenesis/objenesis/2.4/objenesis-2.4.jar:/Users/csaszizoltan/.m2/repository/org/hamcrest/hamcrest-all/1.3/hamcrest-all-1.3.jar:/Users/csaszizoltan/.m2/repository/org/lwjgl/lwjgl/3.1.3/lwjgl-3.1.3.jar:/Users/csaszizoltan/.m2/repository/org/lwjgl/lwjgl-glfw/3.1.3/lwjgl-glfw-3.1.3.jar:/Users/csaszizoltan/.m2/repository/org/lwjgl/lwjgl-jawt/3.1.3/lwjgl-jawt-3.1.3.jar:/Users/csaszizoltan/.m2/repository/org/lwjgl/lwjgl-jemalloc/3.1.3/lwjgl-jemalloc-3.1.3.jar:/Users/csaszizoltan/.m2/repository/org/lwjgl/lwjgl-nfd/3.1.3/lwjgl-nfd-3.1.3.jar:/Users/csaszizoltan/.m2/repository/org/lwjgl/lwjgl-nuklear/3.1.3/lwjgl-nuklear-3.1.3.jar:/Users/csaszizoltan/.m2/repository/org/lwjgl/lwjgl-openal/3.1.3/lwjgl-openal-3.1.3.jar:/Users/csaszizoltan/.m2/repository/org/lwjgl/lwjgl-opengl/3.1.3/lwjgl-opengl-3.1.3.jar:/Users/csaszizoltan/.m2/repository/org/lwjgl/lwjgl-rpmalloc/3.1.3/lwjgl-rpmalloc-3.1.3.jar:/Users/csaszizoltan/.m2/repository/org/lwjgl/lwjgl-stb/3.1.3/lwjgl-stb-3.1.3.jar:/Users/csaszizoltan/.m2/repository/org/lwjgl/lwjgl-xxhash/3.1.3/lwjgl-xxhash-3.1.3.jar:/Users/csaszizoltan/.m2/repository/org/lwjgl/lwjgl/3.1.3/lwjgl-3.1.3-natives-macos.jar:/Users/csaszizoltan/.m2/repository/org/lwjgl/lwjgl-glfw/3.1.3/lwjgl-glfw-3.1.3-natives-macos.jar:/Users/csaszizoltan/.m2/repository/org/lwjgl/lwjgl-jemalloc/3.1.3/lwjgl-jemalloc-3.1.3-natives-macos.jar:/Users/csaszizoltan/.m2/repository/org/lwjgl/lwjgl-nfd/3.1.3/lwjgl-nfd-3.1.3-natives-macos.jar:/Users/csaszizoltan/.m2/repository/org/lwjgl/lwjgl-nuklear/3.1.3/lwjgl-nuklear-3.1.3-natives-macos.jar:/Users/csaszizoltan/.m2/repository/org/lwjgl/lwjgl-openal/3.1.3/lwjgl-openal-3.1.3-natives-macos.jar:/Users/csaszizoltan/.m2/repository/org/lwjgl/lwjgl-opengl/3.1.3/lwjgl-opengl-3.1.3-natives-macos.jar:/Users/csaszizoltan/.m2/repository/org/lwjgl/lwjgl-rpmalloc/3.1.3/lwjgl-rpmalloc-3.1.3-natives-macos.jar:/Users/csaszizoltan/.m2/repository/org/lwjgl/lwjgl-stb/3.1.3/lwjgl-stb-3.1.3-natives-macos.jar:/Users/csaszizoltan/.m2/repository/org/lwjgl/lwjgl-xxhash/3.1.3/lwjgl-xxhash-3.1.3-natives-macos.jar:"/>
    <property name="java.vm.vendor" value="Oracle Corporation"/>
    <property name="sun.arch.data.model" value="64"/>
    <property name="java.vendor.url" value="http://java.oracle.com/"/>
    <property name="user.timezone" value=""/>
    <property name="java.vm.specification.version" value="9"/>
    <property name="os.name" value="Mac OS X"/>
    <property name="sun.java.launcher" value="SUN_STANDARD"/>
    <property name="user.country" value="HU"/>
    <property name="sun.boot.library.path" value="/Library/Java/JavaVirtualMachines/jdk-9.jdk/Contents/Home/lib"/>
    <property name="sun.java.command" value="/Users/csaszizoltan/Development/FriYay/csaszi/GameEngineMVN/target/surefire/surefirebooter14144752749653255565.jar /Users/csaszizoltan/Development/FriYay/csaszi/GameEngineMVN/target/surefire 2017-10-28T17-05-25_140-jvmRun1 surefire13948139548709964302tmp surefire_01371474805991021437tmp"/>
    <property name="http.nonProxyHosts" value="local|*.local|169.254/16|*.169.254/16"/>
    <property name="jdk.debug" value="release"/>
    <property name="surefire.test.class.path" value="/Users/csaszizoltan/Development/FriYay/csaszi/GameEngineMVN/target/test-classes:/Users/csaszizoltan/Development/FriYay/csaszi/GameEngineMVN/target/classes:/Users/csaszizoltan/.m2/repository/junit/junit/4.12/junit-4.12.jar:/Users/csaszizoltan/.m2/repository/org/hamcrest/hamcrest-core/1.3/hamcrest-core-1.3.jar:/Users/csaszizoltan/.m2/repository/org/mockito/mockito-all/1.9.5/mockito-all-1.9.5.jar:/Users/csaszizoltan/.m2/repository/org/mockito/mockito-core/2.1.0/mockito-core-2.1.0.jar:/Users/csaszizoltan/.m2/repository/net/bytebuddy/byte-buddy/1.4.26/byte-buddy-1.4.26.jar:/Users/csaszizoltan/.m2/repository/net/bytebuddy/byte-buddy-agent/1.4.26/byte-buddy-agent-1.4.26.jar:/Users/csaszizoltan/.m2/repository/org/objenesis/objenesis/2.4/objenesis-2.4.jar:/Users/csaszizoltan/.m2/repository/org/hamcrest/hamcrest-all/1.3/hamcrest-all-1.3.jar:/Users/csaszizoltan/.m2/repository/org/lwjgl/lwjgl/3.1.3/lwjgl-3.1.3.jar:/Users/csaszizoltan/.m2/repository/org/lwjgl/lwjgl-glfw/3.1.3/lwjgl-glfw-3.1.3.jar:/Users/csaszizoltan/.m2/repository/org/lwjgl/lwjgl-jawt/3.1.3/lwjgl-jawt-3.1.3.jar:/Users/csaszizoltan/.m2/repository/org/lwjgl/lwjgl-jemalloc/3.1.3/lwjgl-jemalloc-3.1.3.jar:/Users/csaszizoltan/.m2/repository/org/lwjgl/lwjgl-nfd/3.1.3/lwjgl-nfd-3.1.3.jar:/Users/csaszizoltan/.m2/repository/org/lwjgl/lwjgl-nuklear/3.1.3/lwjgl-nuklear-3.1.3.jar:/Users/csaszizoltan/.m2/repository/org/lwjgl/lwjgl-openal/3.1.3/lwjgl-openal-3.1.3.jar:/Users/csaszizoltan/.m2/repository/org/lwjgl/lwjgl-opengl/3.1.3/lwjgl-opengl-3.1.3.jar:/Users/csaszizoltan/.m2/repository/org/lwjgl/lwjgl-rpmalloc/3.1.3/lwjgl-rpmalloc-3.1.3.jar:/Users/csaszizoltan/.m2/repository/org/lwjgl/lwjgl-stb/3.1.3/lwjgl-stb-3.1.3.jar:/Users/csaszizoltan/.m2/repository/org/lwjgl/lwjgl-xxhash/3.1.3/lwjgl-xxhash-3.1.3.jar:/Users/csaszizoltan/.m2/repository/org/lwjgl/lwjgl/3.1.3/lwjgl-3.1.3-natives-macos.jar:/Users/csaszizoltan/.m2/repository/org/lwjgl/lwjgl-glfw/3.1.3/lwjgl-glfw-3.1.3-natives-macos.jar:/Users/csaszizoltan/.m2/repository/org/lwjgl/lwjgl-jemalloc/3.1.3/lwjgl-jemalloc-3.1.3-natives-macos.jar:/Users/csaszizoltan/.m2/repository/org/lwjgl/lwjgl-nfd/3.1.3/lwjgl-nfd-3.1.3-natives-macos.jar:/Users/csaszizoltan/.m2/repository/org/lwjgl/lwjgl-nuklear/3.1.3/lwjgl-nuklear-3.1.3-natives-macos.jar:/Users/csaszizoltan/.m2/repository/org/lwjgl/lwjgl-openal/3.1.3/lwjgl-openal-3.1.3-natives-macos.jar:/Users/csaszizoltan/.m2/repository/org/lwjgl/lwjgl-opengl/3.1.3/lwjgl-opengl-3.1.3-natives-macos.jar:/Users/csaszizoltan/.m2/repository/org/lwjgl/lwjgl-rpmalloc/3.1.3/lwjgl-rpmalloc-3.1.3-natives-macos.jar:/Users/csaszizoltan/.m2/repository/org/lwjgl/lwjgl-stb/3.1.3/lwjgl-stb-3.1.3-natives-macos.jar:/Users/csaszizoltan/.m2/repository/org/lwjgl/lwjgl-xxhash/3.1.3/lwjgl-xxhash-3.1.3-natives-macos.jar:"/>
    <property name="sun.cpu.endian" value="little"/>
    <property name="user.home" value="/Users/csaszizoltan"/>
    <property name="user.language" value="hu"/>
    <property name="java.specification.vendor" value="Oracle Corporation"/>
    <property name="java.home" value="/Library/Java/JavaVirtualMachines/jdk-9.jdk/Contents/Home"/>
    <property name="file.separator" value="/"/>
    <property name="basedir" value="/Users/csaszizoltan/Development/FriYay/csaszi/GameEngineMVN"/>
    <property name="java.vm.compressedOopsMode" value="Zero based"/>
    <property name="line.separator" value="&#10;"/>
    <property name="java.specification.name" value="Java Platform API Specification"/>
    <property name="java.vm.specification.vendor" value="Oracle Corporation"/>
    <property name="java.awt.graphicsenv" value="sun.awt.CGraphicsEnvironment"/>
    <property name="surefire.real.class.path" value="/Users/csaszizoltan/Development/FriYay/csaszi/GameEngineMVN/target/surefire/surefirebooter14144752749653255565.jar"/>
    <property name="sun.management.compiler" value="HotSpot 64-Bit Tiered Compilers"/>
    <property name="ftp.nonProxyHosts" value="local|*.local|169.254/16|*.169.254/16"/>
    <property name="java.runtime.version" value="9+181"/>
    <property name="user.name" value="csaszizoltan"/>
    <property name="path.separator" value=":"/>
    <property name="os.version" value="10.12.6"/>
    <property name="java.runtime.name" value="Java(TM) SE Runtime Environment"/>
    <property name="file.encoding" value="UTF-8"/>
    <property name="java.vm.name" value="Java HotSpot(TM) 64-Bit Server VM"/>
    <property name="localRepository" value="/Users/csaszizoltan/.m2/repository"/>
    <property name="java.vendor.url.bug" value="http://bugreport.java.com/bugreport/"/>
    <property name="java.io.tmpdir" value="/var/folders/yg/mc80t81s6kv8mdd_hk4_f60r0000gn/T/"/>
    <property name="idea.version" value="2017.2.5"/>
    <property name="java.version" value="9"/>
    <property name="user.dir" value="/Users/csaszizoltan/Development/FriYay/csaszi/GameEngineMVN"/>
    <property name="os.arch" value="x86_64"/>
    <property name="java.vm.specification.name" value="Java Virtual Machine Specification"/>
    <property name="java.awt.printerjob" value="sun.lwawt.macosx.CPrinterJob"/>
    <property name="sun.os.patch.level" value="unknown"/>
    <property name="java.library.path" value="/Users/csaszizoltan/Library/Java/Extensions:/Library/Java/Extensions:/Network/Library/Java/Extensions:/System/Library/Java/Extensions:/usr/lib/java:."/>
    <property name="java.vm.info" value="mixed mode"/>
    <property name="java.vendor" value="Oracle Corporation"/>
    <property name="java.vm.version" value="9+181"/>
    <property name="sun.io.unicode.encoding" value="UnicodeBig"/>
    <property name="java.class.version" value="53.0"/>
    <property name="socksNonProxyHosts" value="local|*.local|169.254/16|*.169.254/16"/>
  </properties>
  <testcase name="testAdd" classname="hu.csaszi.gameengine.render.graphics.gui.GUIManagerTests" time="0"/>
  <testcase name="testFlush" classname="hu.csaszi.gameengine.render.graphics.gui.GUIManagerTests" time="0"/>
  <testcase name="testGetObjectNotNull" classname="hu.csaszi.gameengine.render.graphics.gui.GUIManagerTests" time="0"/>
  <testcase name="testGetObjectEmpty" classname="hu.csaszi.gameengine.render.graphics.gui.GUIManagerTests" time="0"/>
  <testcase name="testRemove" classname="hu.csaszi.gameengine.render.graphics.gui.GUIManagerTests" time="0.001"/>
  <testcase name="testRender" classname="hu.csaszi.gameengine.render.graphics.gui.GUIManagerTests" time="0.038"/>
  <testcase name="testUpdate" classname="hu.csaszi.gameengine.render.graphics.gui.GUIManagerTests" time="0"/>
</testsuite>